<?xml version="1.0" encoding="UTF-8"?>
<!-- Generated by org.testng.reporters.JUnitReportReporter -->
<testsuite skipped="0" hostname="DESKTOP-7L6771B" name="LibraryAPI" tests="2" failures="0" timestamp="2020-05-12T20:50:23 IST" time="9.406" errors="0">
  <testcase name="addBook" time="8.990" classname="LibraryAPI"/>
  <system-out/>
  <testcase name="addBook" time="0.416" classname="LibraryAPI"/>
  <system-out/>
</testsuite> <!-- LibraryAPI -->
