<?xml version="1.0" encoding="UTF-8"?>
<!-- Generated by org.testng.reporters.JUnitReportReporter -->
<testsuite skipped="2" hostname="DESKTOP-7L6771B" name="resource.JavaPractise" tests="3" failures="0" timestamp="2020-09-11T18:16:11 IST" time="0.035" errors="0">
  <testcase name="uniqueNumber" time="0.035" classname="resource.JavaPractise"/>
  <system-out/>
  <testcase name="streamSort" classname="resource.JavaPractise">
    <skipped/>
  </testcase> <!-- streamSort -->
  <system-out/>
  <testcase name="streamTest" classname="resource.JavaPractise">
    <skipped/>
  </testcase> <!-- streamTest -->
  <system-out/>
</testsuite> <!-- resource.JavaPractise -->
