<?xml version="1.0" encoding="UTF-8"?>
<!-- Generated by org.testng.reporters.JUnitReportReporter -->
<testsuite skipped="0" hostname="DESKTOP-7L6771B" name="OAuthAPI" tests="1" failures="0" timestamp="2020-06-05T12:46:02 IST" time="13.734" errors="0">
  <testcase name="oauthTest" time="13.734" classname="OAuthAPI"/>
  <system-out/>
</testsuite> <!-- OAuthAPI -->
