<?xml version="1.0" encoding="UTF-8"?>
<!-- Generated by org.testng.reporters.JUnitReportReporter -->
<testsuite skipped="0" hostname="DESKTOP-7L6771B" name="OAuthAPI" tests="1" failures="0" timestamp="2020-09-15T15:06:48 IST" time="13.959" errors="0">
  <testcase name="oauthTest" time="13.959" classname="OAuthAPI"/>
  <system-out/>
</testsuite> <!-- OAuthAPI -->
